<?xml version="1.0" encoding="UTF-8"?>
<!-- Generated by org.testng.reporters.JUnitReportReporter -->
<testsuite hostname="HBPC-HWMBD15-003" failures="0" tests="1" name="com.library.AppTest" time="0.006" errors="0" timestamp="2024-08-01T15:46:20 CEST" skipped="0">
  <testcase classname="com.library.AppTest" name="testApp" time="0.006"/>
  <system-out/>
</testsuite> <!-- com.library.AppTest -->
